<?xml version="1.0" encoding="UTF-8"?>
<!-- Generated by org.testng.reporters.JUnitXMLReporter -->
<testsuite ignored="0" hostname="DESKTOP-N6CF6VT" failures="0" tests="5" name="Test" time="176.333" errors="0" timestamp="2023-01-17T17:54:48 IST">
  <testcase classname="Testcases.MainpageTestcases" name="mainpage" time="20.111"/>
  <testcase classname="Testcases.Login_Testcases" name="Login" time="4.925"/>
  <testcase classname="Testcases.Register_page_testcases" name="resiter_page" time="6.996"/>
  <testcase classname="Testcases.AddToCartTestCases" name="AddToCart" time="17.068"/>
  <testcase classname="Testcases.Footer_testcasses" name="Footer" time="25.931"/>
</testsuite> <!-- Test -->
